<?xml version="1.0" encoding="UTF-8"?>
<TestRun id="28ee426f-365e-4d8a-af9f-074788b3b3f2" name="mmarcatilli@GLO-5CG6150JD2 2017-10-09 15:18:03" runUser="MPLS\mmarcatilli" xmlns="http://microsoft.com/schemas/VisualStudio/TeamTest/2010">
  <Times creation="2017-10-09T15:18:03.2616266-03:00" queuing="2017-10-09T15:18:03.2616266-03:00" start="2017-10-09T15:17:47.4856287-03:00" finish="2017-10-09T15:18:24.3236098-03:00" />
  <TestSettings name="default" id="d9a58a97-29f1-41b4-9d5c-da6d8e2c121d">
    <Deployment runDeploymentRoot="mmarcatilli_GLO-5CG6150JD2 2017-10-09 15_18_03" />
  </TestSettings>
  <Results>
    <UnitTestResult executionId="11251c0a-d2bd-4f62-86f8-5182274734ac" testId="3be281a7-98bb-4cd7-87e3-ab3158e89227" testName="MainSearchTest" computerName="GLO-5CG6150JD2" duration="00:00:14.5540000" startTime="2017-10-09T15:17:48.0000000-03:00" endTime="2017-10-09T15:18:03.0000000-03:00" testType="13cdc9d9-ddb5-4fa4-a97d-d965ccfc6d4b" outcome="Passed" testListId="8c84fa94-04c1-424b-9868-57a2d4851a1d" relativeResultsDirectory="11251c0a-d2bd-4f62-86f8-5182274734ac" />
    <UnitTestResult executionId="a980076f-3155-447d-ac6e-05fa03760746" testId="e49aef3d-3c4b-47bd-8e89-634acebd06a5" testName="NegativeMainSearchTest" computerName="GLO-5CG6150JD2" duration="00:00:21.0010000" startTime="2017-10-09T15:18:03.0000000-03:00" endTime="2017-10-09T15:18:24.0000000-03:00" testType="13cdc9d9-ddb5-4fa4-a97d-d965ccfc6d4b" outcome="Passed" testListId="8c84fa94-04c1-424b-9868-57a2d4851a1d" relativeResultsDirectory="a980076f-3155-447d-ac6e-05fa03760746" />
  </Results>
  <TestDefinitions>
    <UnitTest name="MainSearchTest" storage="c:\repos\dotnetseleniumtemplate\bin\debug\netcoreapp2.0\dotnetseleniumtemplate.dll" id="3be281a7-98bb-4cd7-87e3-ab3158e89227">
      <Execution id="11251c0a-d2bd-4f62-86f8-5182274734ac" />
      <TestMethod codeBase="C:\repos\dotnetSeleniumTemplate\bin\Debug\netcoreapp2.0\dotnetSeleniumTemplate.dll" executorUriOfAdapter="executor://nunit3testexecutor/" className="src.Tests.MainSearchTests" name="MainSearchTest" />
    </UnitTest>
    <UnitTest name="NegativeMainSearchTest" storage="c:\repos\dotnetseleniumtemplate\bin\debug\netcoreapp2.0\dotnetseleniumtemplate.dll" id="e49aef3d-3c4b-47bd-8e89-634acebd06a5">
      <Execution id="a980076f-3155-447d-ac6e-05fa03760746" />
      <TestMethod codeBase="C:\repos\dotnetSeleniumTemplate\bin\Debug\netcoreapp2.0\dotnetSeleniumTemplate.dll" executorUriOfAdapter="executor://nunit3testexecutor/" className="src.Tests.MainSearchTests" name="NegativeMainSearchTest" />
    </UnitTest>
  </TestDefinitions>
  <TestEntries>
    <TestEntry testId="3be281a7-98bb-4cd7-87e3-ab3158e89227" executionId="11251c0a-d2bd-4f62-86f8-5182274734ac" testListId="8c84fa94-04c1-424b-9868-57a2d4851a1d" />
    <TestEntry testId="e49aef3d-3c4b-47bd-8e89-634acebd06a5" executionId="a980076f-3155-447d-ac6e-05fa03760746" testListId="8c84fa94-04c1-424b-9868-57a2d4851a1d" />
  </TestEntries>
  <TestLists>
    <TestList name="Results Not in a List" id="8c84fa94-04c1-424b-9868-57a2d4851a1d" />
    <TestList name="All Loaded Results" id="19431567-8539-422a-85d7-44ee4e166bda" />
  </TestLists>
  <ResultSummary outcome="Completed">
    <Counters total="2" executed="2" passed="2" failed="0" error="0" timeout="0" aborted="0" inconclusive="0" passedButRunAborted="0" notRunnable="0" notExecuted="0" disconnected="0" warning="0" completed="0" inProgress="0" pending="0" />
    <Output>
      <StdOut>NUnit Adapter 3.8.0.0: Test execution startedRunning all tests in C:\repos\dotnetSeleniumTemplate\bin\Debug\netcoreapp2.0\dotnetSeleniumTemplate.dllNUnit3TestExecutor converted 2 of 2 NUnit test casesNUnit Adapter 3.8.0.0: Test execution complete</StdOut>
    </Output>
  </ResultSummary>
</TestRun>